{"level":30,"time":1690231799907,"pid":21728,"hostname":"Nezuko","msg":"Validating config file and environment variables"}
{"level":30,"time":1690231800462,"pid":21728,"hostname":"Nezuko","msg":"Loading commands..."}
{"level":20,"time":1690231803893,"pid":21728,"hostname":"Nezuko","msg":"Skipping slash command avatar. Disabled!"}
{"level":20,"time":1690231803894,"pid":21728,"hostname":"Nezuko","msg":"Skipping slash command botinvite. Disabled!"}
{"level":20,"time":1690231803895,"pid":21728,"hostname":"Nezuko","msg":"Skipping slash command botstats. Disabled!"}
{"level":20,"time":1690231803896,"pid":21728,"hostname":"Nezuko","msg":"Skipping slash command channelinfo. Disabled!"}
{"level":20,"time":1690231803897,"pid":21728,"hostname":"Nezuko","msg":"Skipping slash command emojiinfo. Disabled!"}
{"level":20,"time":1690231803928,"pid":21728,"hostname":"Nezuko","msg":"Skipping slash command guildinfo. Disabled!"}
{"level":20,"time":1690231803929,"pid":21728,"hostname":"Nezuko","msg":"Skipping slash command uptime. Disabled!"}
{"level":20,"time":1690231803930,"pid":21728,"hostname":"Nezuko","msg":"Skipping slash command userinfo. Disabled!"}
{"level":20,"time":1690231803931,"pid":21728,"hostname":"Nezuko","msg":"Skipping command bot. Disabled!"}
{"level":20,"time":1690231803932,"pid":21728,"hostname":"Nezuko","msg":"Skipping command info. Disabled!"}
{"level":20,"time":1690231803941,"pid":21728,"hostname":"Nezuko","msg":"Skipping slash command deafen. Disabled!"}
{"level":20,"time":1690231803942,"pid":21728,"hostname":"Nezuko","msg":"Skipping slash command disconnect. Disabled!"}
{"level":20,"time":1690231803943,"pid":21728,"hostname":"Nezuko","msg":"Skipping slash command move. Disabled!"}
{"level":20,"time":1690231803944,"pid":21728,"hostname":"Nezuko","msg":"Skipping slash command purge. Disabled!"}
{"level":20,"time":1690231803944,"pid":21728,"hostname":"Nezuko","msg":"Skipping slash command purgeattach. Disabled!"}
{"level":20,"time":1690231803945,"pid":21728,"hostname":"Nezuko","msg":"Skipping slash command purgebots. Disabled!"}
{"level":20,"time":1690231803945,"pid":21728,"hostname":"Nezuko","msg":"Skipping slash command purgelinks. Disabled!"}
{"level":20,"time":1690231803946,"pid":21728,"hostname":"Nezuko","msg":"Skipping slash command purgetoken. Disabled!"}
{"level":20,"time":1690231803946,"pid":21728,"hostname":"Nezuko","msg":"Skipping slash command purgeuser. Disabled!"}
{"level":20,"time":1690231803947,"pid":21728,"hostname":"Nezuko","msg":"Skipping slash command undeafen. Disabled!"}
{"level":20,"time":1690231803948,"pid":21728,"hostname":"Nezuko","msg":"Skipping slash command vmute. Disabled!"}
{"level":20,"time":1690231803949,"pid":21728,"hostname":"Nezuko","msg":"Skipping slash command vunmute. Disabled!"}
{"level":20,"time":1690231803950,"pid":21728,"hostname":"Nezuko","msg":"Skipping command purge. Disabled!"}
{"level":20,"time":1690231803951,"pid":21728,"hostname":"Nezuko","msg":"Skipping command voice. Disabled!"}
{"level":20,"time":1690231803980,"pid":21728,"hostname":"Nezuko","msg":"Skipping slash command eval. Disabled!"}
{"level":20,"time":1690231803980,"pid":21728,"hostname":"Nezuko","msg":"Skipping slash command leaveserver. Disabled!"}
{"level":20,"time":1690231803981,"pid":21728,"hostname":"Nezuko","msg":"Skipping slash command listservers. Disabled!"}
{"level":30,"time":1690231803999,"pid":21728,"hostname":"Nezuko","msg":"Loaded 105 commands"}
{"level":30,"time":1690231803999,"pid":21728,"hostname":"Nezuko","msg":"Loaded 86 slash commands"}
{"level":30,"time":1690231803999,"pid":21728,"hostname":"Nezuko","msg":"Loading contexts..."}
{"level":30,"time":1690231804000,"pid":21728,"hostname":"Nezuko","msg":"Loaded 0 USER contexts"}
{"level":30,"time":1690231804000,"pid":21728,"hostname":"Nezuko","msg":"Loaded 0 MESSAGE contexts"}
{"level":30,"time":1690231804000,"pid":21728,"hostname":"Nezuko","msg":"Loading events..."}
{"level":30,"time":1690231804034,"pid":21728,"hostname":"Nezuko","msg":"Loaded 15 events. Success (15) Failed (0)"}
{"level":40,"time":1690231804461,"pid":21728,"hostname":"Nezuko","msg":"VersionCheck: 5.4.0 update is available"}
{"level":40,"time":1690231804461,"pid":21728,"hostname":"Nezuko","msg":"download: https://github.com/Hai-Lucy/Lucy/releases/latest"}
{"level":30,"time":1690231804461,"pid":21728,"hostname":"Nezuko","msg":"Launching dashboard"}
{"level":30,"time":1690231805594,"pid":21728,"hostname":"Nezuko","msg":"Connecting to MongoDb..."}
{"level":30,"time":1690231806059,"pid":21728,"hostname":"Nezuko","msg":"Mongoose: Database connection established"}
{"level":30,"time":1690231806074,"pid":21728,"hostname":"Nezuko","msg":"Dashboard is listening on port 8080"}
{"level":30,"time":1690231812992,"pid":21728,"hostname":"Nezuko","msg":"Logged in as Mahalini#7040! (1132766063365476442)"}
{"level":20,"time":1690231812993,"pid":21728,"hostname":"Nezuko","msg":"Node \"Main\" debug: connection: creating websocket..."}
{"level":30,"time":1690231812994,"pid":21728,"hostname":"Nezuko","msg":"Music Manager initialized"}
{"level":30,"time":1690231812994,"pid":21728,"hostname":"Nezuko","msg":"Initializing giveaways manager..."}
{"level":30,"time":1690231813022,"pid":21728,"hostname":"Nezuko","msg":"Giveaway Manager initialized"}
{"level":20,"time":1690231813385,"pid":21728,"hostname":"Nezuko","msg":"Node \"Main\" debug: connection: lavaclient <<< ready: {\"resumed\":false,\"sessionId\":\"va3i9uf4g7nlje2b\",\"op\":\"ready\"}"}
{"level":30,"time":1690231813385,"pid":21728,"hostname":"Nezuko","msg":"Node \"Main\" connected"}
{"level":20,"time":1690231813385,"pid":21728,"hostname":"Nezuko","msg":"Node \"Main\" debug: connection: connected in 391ms"}
{"level":20,"time":1690231813385,"pid":21728,"hostname":"Nezuko","msg":"Node \"Main\" debug: connection: lavaclient <<< stats: {\"players\":27,\"playingPlayers\":6,\"uptime\":797330276,\"memory\":{\"free\":201873224,\"used\":358066360,\"allocated\":559939584,\"reservable\":2147483648},\"cpu\":{\"cores\":4,\"systemLoad\":0.7352941176470589,\"lavalinkLoad\":0.03571428571428571},\"op\":\"stats\"}"}
{"level":30,"time":1690231814876,"pid":21728,"hostname":"Nezuko","msg":"Successfully registered interactions"}
{"level":30,"time":1690231842853,"pid":21728,"hostname":"Nezuko","msg":"Guild Joined: #MADE BY TRAGIC Members: 31"}
{"level":20,"time":1690231873386,"pid":21728,"hostname":"Nezuko","msg":"Node \"Main\" debug: connection: lavaclient <<< stats: {\"players\":26,\"playingPlayers\":5,\"uptime\":797390274,\"memory\":{\"free\":87102736,\"used\":472836848,\"allocated\":559939584,\"reservable\":2147483648},\"cpu\":{\"cores\":4,\"systemLoad\":0.8540145985401459,\"lavalinkLoad\":0.036231884057971016},\"op\":\"stats\"}"}
{"level":20,"time":1690231933389,"pid":21728,"hostname":"Nezuko","msg":"Node \"Main\" debug: connection: lavaclient <<< stats: {\"players\":27,\"playingPlayers\":6,\"uptime\":797450274,\"memory\":{\"free\":286621920,\"used\":273317664,\"allocated\":559939584,\"reservable\":2147483648},\"cpu\":{\"cores\":4,\"systemLoad\":0.8928571428571429,\"lavalinkLoad\":0.01824817518248175},\"op\":\"stats\"}"}
{"level":20,"time":1690231993393,"pid":21728,"hostname":"Nezuko","msg":"Node \"Main\" debug: connection: lavaclient <<< stats: {\"players\":26,\"playingPlayers\":5,\"uptime\":797510274,\"memory\":{\"free\":179042016,\"used\":380897568,\"allocated\":559939584,\"reservable\":2147483648},\"cpu\":{\"cores\":4,\"systemLoad\":0.6739130434782609,\"lavalinkLoad\":0.0364963503649635},\"op\":\"stats\"}"}
{"level":20,"time":1690232053405,"pid":21728,"hostname":"Nezuko","msg":"Node \"Main\" debug: connection: lavaclient <<< stats: {\"players\":26,\"playingPlayers\":5,\"uptime\":797570274,\"memory\":{\"free\":73761240,\"used\":486178344,\"allocated\":559939584,\"reservable\":2147483648},\"cpu\":{\"cores\":4,\"systemLoad\":0.8633093525179856,\"lavalinkLoad\":0.05514705882352941},\"op\":\"stats\"}"}
{"level":20,"time":1690232113397,"pid":21728,"hostname":"Nezuko","msg":"Node \"Main\" debug: connection: lavaclient <<< stats: {\"players\":26,\"playingPlayers\":5,\"uptime\":797630274,\"memory\":{\"free\":285207888,\"used\":274731696,\"allocated\":559939584,\"reservable\":2147483648},\"cpu\":{\"cores\":4,\"systemLoad\":0.823943661971831,\"lavalinkLoad\":0.05514705882352941},\"op\":\"stats\"}"}
{"level":20,"time":1690232173402,"pid":21728,"hostname":"Nezuko","msg":"Node \"Main\" debug: connection: lavaclient <<< stats: {\"players\":26,\"playingPlayers\":5,\"uptime\":797690274,\"memory\":{\"free\":179012624,\"used\":380926960,\"allocated\":559939584,\"reservable\":2147483648},\"cpu\":{\"cores\":4,\"systemLoad\":0.823943661971831,\"lavalinkLoad\":0.0364963503649635},\"op\":\"stats\"}"}
{"level":20,"time":1690232233398,"pid":21728,"hostname":"Nezuko","msg":"Node \"Main\" debug: connection: lavaclient <<< stats: {\"players\":25,\"playingPlayers\":4,\"uptime\":797750274,\"memory\":{\"free\":80463688,\"used\":479475896,\"allocated\":559939584,\"reservable\":2147483648},\"cpu\":{\"cores\":4,\"systemLoad\":0.8043478260869565,\"lavalinkLoad\":0.0364963503649635},\"op\":\"stats\"}"}
